{
  "stats": {
    "suites": 1,
    "tests": 1,
    "passes": 1,
    "pending": 0,
    "failures": 0,
    "start": "2024-06-16T13:59:21.460Z",
    "end": "2024-06-16T13:59:48.507Z",
    "duration": 27047,
    "testsRegistered": 1,
    "passPercent": 100,
    "pendingPercent": 0,
    "other": 0,
    "hasOther": false,
    "skipped": 0,
    "hasSkipped": false
  },
  "results": [
    {
      "uuid": "11dbdbb2-b8c0-405b-baf2-6c41706c999e",
      "title": "",
      "fullFile": "/Users/minhnguyen/Desktop/Code/Kltn/kltn-selenium/src/tests/paymentFlow.spec.js",
      "file": "/src/tests/paymentFlow.spec.js",
      "beforeHooks": [],
      "afterHooks": [],
      "tests": [],
      "suites": [
        {
          "uuid": "dd4de125-e6a1-4c11-8468-a1a68c59ebec",
          "title": "Kiểm thử luồng đăng nhập và thanh toán sản phẩm",
          "fullFile": "/Users/minhnguyen/Desktop/Code/Kltn/kltn-selenium/src/tests/paymentFlow.spec.js",
          "file": "/src/tests/paymentFlow.spec.js",
          "beforeHooks": [
            {
              "title": "\"before all\" hook in \"Kiểm thử luồng đăng nhập và thanh toán sản phẩm\"",
              "fullTitle": "Kiểm thử luồng đăng nhập và thanh toán sản phẩm \"before all\" hook in \"Kiểm thử luồng đăng nhập và thanh toán sản phẩm\"",
              "timedOut": false,
              "duration": 973,
              "state": null,
              "speed": null,
              "pass": false,
              "fail": false,
              "pending": false,
              "context": null,
              "code": "driver = await new Builder().forBrowser(\"chrome\").build();",
              "err": {},
              "uuid": "08e7d4e4-1d32-42c7-b32f-33aa221f288a",
              "parentUUID": "dd4de125-e6a1-4c11-8468-a1a68c59ebec",
              "isHook": true,
              "skipped": false
            }
          ],
          "afterHooks": [
            {
              "title": "\"after all\" hook in \"Kiểm thử luồng đăng nhập và thanh toán sản phẩm\"",
              "fullTitle": "Kiểm thử luồng đăng nhập và thanh toán sản phẩm \"after all\" hook in \"Kiểm thử luồng đăng nhập và thanh toán sản phẩm\"",
              "timedOut": false,
              "duration": 247,
              "state": null,
              "speed": null,
              "pass": false,
              "fail": false,
              "pending": false,
              "context": null,
              "code": "await driver.navigate().to(`${config.baseURL}/logout`);\nawait driver.navigate().to(`${config.baseURL}/user/account`);\nawait driver.quit();",
              "err": {},
              "uuid": "929937ac-7864-4ad2-8f09-21deb29be89d",
              "parentUUID": "dd4de125-e6a1-4c11-8468-a1a68c59ebec",
              "isHook": true,
              "skipped": false
            }
          ],
          "tests": [
            {
              "title": "Kiểm thử luồng đăng nhập và thanh toán sản phẩm",
              "fullTitle": "Kiểm thử luồng đăng nhập và thanh toán sản phẩm Kiểm thử luồng đăng nhập và thanh toán sản phẩm",
              "timedOut": false,
              "duration": 25825,
              "state": "passed",
              "speed": "slow",
              "pass": true,
              "fail": false,
              "pending": false,
              "context": null,
              "code": "try {\n  // Open page by url\n  await openLoginPage(driver);\n  await driver.sleep(2000);\n  // Login test\n  await performLoginTest(driver);\n  await driver.sleep(2000);\n  // Search test\n  await performSearchTest(driver);\n  await driver.sleep(2000);\n  // Product Detail test\n  await performProductDetailTest(driver);\n  await driver.sleep(2000);\n  // Add to cart test\n  await performAddToCartTest(driver);\n  await driver.sleep(2000);\n  // Payment test\n  // await performPaymentTest(driver);\n} catch (error) {\n  expect.fail(error.message);\n}",
              "err": {},
              "uuid": "ed325e5e-640a-455f-8ed6-baae1acfd997",
              "parentUUID": "dd4de125-e6a1-4c11-8468-a1a68c59ebec",
              "isHook": false,
              "skipped": false
            }
          ],
          "suites": [],
          "passes": [
            "ed325e5e-640a-455f-8ed6-baae1acfd997"
          ],
          "failures": [],
          "pending": [],
          "skipped": [],
          "duration": 25825,
          "root": false,
          "rootEmpty": false,
          "_timeout": 60000
        }
      ],
      "passes": [],
      "failures": [],
      "pending": [],
      "skipped": [],
      "duration": 0,
      "root": true,
      "rootEmpty": true,
      "_timeout": 60000
    }
  ],
  "meta": {
    "mocha": {
      "version": "9.2.2"
    },
    "mochawesome": {
      "options": {
        "quiet": false,
        "reportFilename": "mochawesome",
        "saveHtml": true,
        "saveJson": true,
        "consoleReporter": "spec",
        "useInlineDiffs": false,
        "code": true
      },
      "version": "7.1.3"
    },
    "marge": {
      "options": null,
      "version": "6.2.0"
    }
  }
}