{
  "stats": {
    "suites": 2,
    "tests": 20,
    "passes": 19,
    "pending": 0,
    "failures": 1,
    "start": "2024-05-23T15:04:57.419Z",
    "end": "2024-05-23T15:05:41.418Z",
    "duration": 43999,
    "testsRegistered": 20,
    "passPercent": 95,
    "pendingPercent": 0,
    "other": 0,
    "hasOther": false,
    "skipped": 0,
    "hasSkipped": false
  },
  "results": [
    {
      "uuid": "f59b8189-b48b-49f0-84cb-d2df009ac6b5",
      "title": "",
      "fullFile": "",
      "file": "",
      "beforeHooks": [],
      "afterHooks": [],
      "tests": [],
      "suites": [
        {
          "uuid": "8b63a091-8304-4c7f-8d4d-f49754b3f2c5",
          "title": "Forgot Page",
          "fullFile": "/Users/minhnd3/Desktop/Code/Selenium/first-prj/src/tests/forgotPage.spec.js",
          "file": "/src/tests/forgotPage.spec.js",
          "beforeHooks": [
            {
              "title": "\"before all\" hook in \"Forgot Page\"",
              "fullTitle": "Forgot Page \"before all\" hook in \"Forgot Page\"",
              "timedOut": false,
              "duration": 2824,
              "state": null,
              "speed": null,
              "pass": false,
              "fail": false,
              "pending": false,
              "context": null,
              "code": "driver = await new Builder().forBrowser(\"chrome\").build();",
              "err": {},
              "uuid": "2d916067-3e1d-4b5e-aafa-a75f017819c1",
              "parentUUID": "8b63a091-8304-4c7f-8d4d-f49754b3f2c5",
              "isHook": true,
              "skipped": false
            }
          ],
          "afterHooks": [
            {
              "title": "\"after all\" hook in \"Forgot Page\"",
              "fullTitle": "Forgot Page \"after all\" hook in \"Forgot Page\"",
              "timedOut": false,
              "duration": 52,
              "state": null,
              "speed": null,
              "pass": false,
              "fail": false,
              "pending": false,
              "context": null,
              "code": "await driver.quit();",
              "err": {},
              "uuid": "466127f5-ff27-4b4f-b8a1-493f1e36f470",
              "parentUUID": "8b63a091-8304-4c7f-8d4d-f49754b3f2c5",
              "isHook": true,
              "skipped": false
            }
          ],
          "tests": [
            {
              "title": "Kiểm tra placeholder của trường Email",
              "fullTitle": "Forgot Page Kiểm tra placeholder của trường Email",
              "timedOut": false,
              "duration": 310,
              "state": "passed",
              "speed": "slow",
              "pass": true,
              "fail": false,
              "pending": false,
              "context": null,
              "code": "await openForgotPage(driver);\nconst emailField = await getFieldEmail(driver);\nconst attrPlaceholder = await emailField.getAttribute(\"placeholder\");\nexpect(attrPlaceholder).to.equal(\"Email của bạn *\");",
              "err": {},
              "uuid": "c780831b-404f-4704-9a19-1b79c36cbdd3",
              "parentUUID": "8b63a091-8304-4c7f-8d4d-f49754b3f2c5",
              "isHook": false,
              "skipped": false
            },
            {
              "title": "Kiểm tra Email là trường bắt buộc",
              "fullTitle": "Forgot Page Kiểm tra Email là trường bắt buộc",
              "timedOut": false,
              "duration": 2290,
              "state": "passed",
              "speed": "slow",
              "pass": true,
              "fail": false,
              "pending": false,
              "context": null,
              "code": "await openForgotPage(driver);\nconst sendPasswordBtn = await getSendPasswordBtn(driver);\nawait sendPasswordBtn.click();\nawait driver.sleep(2000);\nconst messageErrorEmailField = await getMessageErrorEmailField(driver);\nexpect(messageErrorEmailField).to.equal(\"Vui lòng nhập vào email\");",
              "err": {},
              "uuid": "58295a84-fab9-4646-9d99-e1ce52622127",
              "parentUUID": "8b63a091-8304-4c7f-8d4d-f49754b3f2c5",
              "isHook": false,
              "skipped": false
            },
            {
              "title": "Kiểm tra với Email không có trong CSDL",
              "fullTitle": "Forgot Page Kiểm tra với Email không có trong CSDL",
              "timedOut": false,
              "duration": 2352,
              "state": "passed",
              "speed": "slow",
              "pass": true,
              "fail": false,
              "pending": false,
              "context": null,
              "code": "await openForgotPage(driver);\nconst fieldEmail = await getFieldEmail(driver);\nfieldEmail.sendKeys(\"emailkhongtontai@gmail.com\");\nawait onClickSendPasswordBtn(driver);\nawait driver.sleep(2000);\nconst messageError = await getMessageErrorPopup(driver);\nexpect(messageError).to.equal(\"Thông tin tài khoản không tồn tại\");",
              "err": {},
              "uuid": "d6e3d199-84a0-486f-bd24-5e4fa62b8e2e",
              "parentUUID": "8b63a091-8304-4c7f-8d4d-f49754b3f2c5",
              "isHook": false,
              "skipped": false
            },
            {
              "title": "Kiểm tra đăng nhập với email không hợp lệ (sai định dạng)",
              "fullTitle": "Forgot Page Kiểm tra đăng nhập với email không hợp lệ (sai định dạng)",
              "timedOut": false,
              "duration": 2163,
              "state": "passed",
              "speed": "slow",
              "pass": true,
              "fail": false,
              "pending": false,
              "context": null,
              "code": "await openForgotPage(driver);\nconst emailField = await getFieldEmail(driver);\nawait emailField.sendKeys(\"invalidate.com\");\nawait onClickSendPasswordBtn(driver);\n// Wait for a brief moment to ensure any navigation attempts would have been triggered\nawait driver.sleep(2000);\nconst newUrl = await driver.getCurrentUrl();\nconst urlBase = `${config.baseURL}/forgot/password`;\nexpect(urlBase).to.equal(newUrl);",
              "err": {},
              "uuid": "080f9e32-9575-4e38-98d1-564e96c5b00d",
              "parentUUID": "8b63a091-8304-4c7f-8d4d-f49754b3f2c5",
              "isHook": false,
              "skipped": false
            },
            {
              "title": "Kiểm tra đăng nhập với Email chứa kí tự đặc biệt trong phần tên người dùng (trước dấu '@')",
              "fullTitle": "Forgot Page Kiểm tra đăng nhập với Email chứa kí tự đặc biệt trong phần tên người dùng (trước dấu '@')",
              "timedOut": false,
              "duration": 2152,
              "state": "passed",
              "speed": "slow",
              "pass": true,
              "fail": false,
              "pending": false,
              "context": null,
              "code": "await openForgotPage(driver);\nconst emailField = await getFieldEmail(driver);\nawait emailField.sendKeys(\"'?''@.com\");\nawait onClickSendPasswordBtn(driver);\n// Wait for a brief moment to ensure any navigation attempts would have been triggered\nawait driver.sleep(2000);\nconst newUrl = await driver.getCurrentUrl();\nconst forgotUrl = `${config.baseURL}/forgot/password`;\nexpect(forgotUrl).to.equal(newUrl);",
              "err": {},
              "uuid": "c0af2a29-f0f2-4370-af40-e1887f3e49ee",
              "parentUUID": "8b63a091-8304-4c7f-8d4d-f49754b3f2c5",
              "isHook": false,
              "skipped": false
            },
            {
              "title": "Kiểm tra đăng nhập với Email chứa kí tự đặc biệt trong phần tên người dùng (sau dấu '@')",
              "fullTitle": "Forgot Page Kiểm tra đăng nhập với Email chứa kí tự đặc biệt trong phần tên người dùng (sau dấu '@')",
              "timedOut": false,
              "duration": 2183,
              "state": "passed",
              "speed": "slow",
              "pass": true,
              "fail": false,
              "pending": false,
              "context": null,
              "code": "await openForgotPage(driver);\nconst emailField = await getFieldEmail(driver);\nawait emailField.sendKeys(\"hanhb@'?''.com\");\nawait onClickSendPasswordBtn(driver);\n// Wait for a brief moment to ensure any navigation attempts would have been triggered\nawait driver.sleep(2000);\nconst newUrl = await driver.getCurrentUrl();\nconst forgotUrl = `${config.baseURL}/forgot/password`;\nexpect(forgotUrl).to.equal(newUrl);",
              "err": {},
              "uuid": "ecab0949-1b3f-4d01-b353-6bf06e55587d",
              "parentUUID": "8b63a091-8304-4c7f-8d4d-f49754b3f2c5",
              "isHook": false,
              "skipped": false
            },
            {
              "title": "Kiểm tra điều hướng khi nhấn vào nút Quay về trang đăng nhập",
              "fullTitle": "Forgot Page Kiểm tra điều hướng khi nhấn vào nút Quay về trang đăng nhập",
              "timedOut": false,
              "duration": 2875,
              "state": "passed",
              "speed": "slow",
              "pass": true,
              "fail": false,
              "pending": false,
              "context": null,
              "code": "await openForgotPage(driver);\nawait onClickBackToLoginBtn(driver);\nawait driver.sleep(2000);\nconst newUrl = await driver.getCurrentUrl();\nconst loginUrl = `${config.baseURL}/user/account`;\nexpect(loginUrl).to.equal(newUrl);",
              "err": {},
              "uuid": "ec1e9e41-d4ed-436b-8880-2dcf10bdf86a",
              "parentUUID": "8b63a091-8304-4c7f-8d4d-f49754b3f2c5",
              "isHook": false,
              "skipped": false
            },
            {
              "title": "Kiểm tra điều hướng khi nhấn vào nút Quay về trang đăng nhập",
              "fullTitle": "Forgot Page Kiểm tra điều hướng khi nhấn vào nút Quay về trang đăng nhập",
              "timedOut": false,
              "duration": 720,
              "state": "failed",
              "speed": null,
              "pass": false,
              "fail": true,
              "pending": false,
              "context": null,
              "code": "await openForgotPage(driver);\nconst textBackToLoginBtn = await getTextBackToLoginBtn(driver);\nexpect(textBackToLoginBtn).to.equal(\"Quay về màn đăng nhập\");",
              "err": {
                "message": "AssertionError: expected 'Quay về đăng nhập' to equal 'Quay về màn đăng nhập'",
                "estack": "AssertionError: expected 'Quay về đăng nhập' to equal 'Quay về màn đăng nhập'\n    at Context.<anonymous> (src/tests/forgotPage.spec.js:117:35)\n    at processTicksAndRejections (node:internal/process/task_queues:96:5)",
                "diff": "- Quay về đăng nhập\n+ Quay về màn đăng nhập\n"
              },
              "uuid": "62911f46-71e0-41c0-b9a2-e2e6b07227cf",
              "parentUUID": "8b63a091-8304-4c7f-8d4d-f49754b3f2c5",
              "isHook": false,
              "skipped": false
            }
          ],
          "suites": [],
          "passes": [
            "c780831b-404f-4704-9a19-1b79c36cbdd3",
            "58295a84-fab9-4646-9d99-e1ce52622127",
            "d6e3d199-84a0-486f-bd24-5e4fa62b8e2e",
            "080f9e32-9575-4e38-98d1-564e96c5b00d",
            "c0af2a29-f0f2-4370-af40-e1887f3e49ee",
            "ecab0949-1b3f-4d01-b353-6bf06e55587d",
            "ec1e9e41-d4ed-436b-8880-2dcf10bdf86a"
          ],
          "failures": [
            "62911f46-71e0-41c0-b9a2-e2e6b07227cf"
          ],
          "pending": [],
          "skipped": [],
          "duration": 15045,
          "root": false,
          "rootEmpty": false,
          "_timeout": 10000
        },
        {
          "uuid": "4a7632b8-2998-4ca9-9a6b-5a08c9318160",
          "title": "Login Page",
          "fullFile": "/Users/minhnd3/Desktop/Code/Selenium/first-prj/src/tests/loginPage.spec.js",
          "file": "/src/tests/loginPage.spec.js",
          "beforeHooks": [
            {
              "title": "\"before all\" hook in \"Login Page\"",
              "fullTitle": "Login Page \"before all\" hook in \"Login Page\"",
              "timedOut": false,
              "duration": 945,
              "state": null,
              "speed": null,
              "pass": false,
              "fail": false,
              "pending": false,
              "context": null,
              "code": "driver = await new Builder().forBrowser(\"chrome\").build();",
              "err": {},
              "uuid": "cde770a9-a15b-4eb1-96be-312068dcce99",
              "parentUUID": "4a7632b8-2998-4ca9-9a6b-5a08c9318160",
              "isHook": true,
              "skipped": false
            }
          ],
          "afterHooks": [
            {
              "title": "\"after all\" hook in \"Login Page\"",
              "fullTitle": "Login Page \"after all\" hook in \"Login Page\"",
              "timedOut": false,
              "duration": 102,
              "state": null,
              "speed": null,
              "pass": false,
              "fail": false,
              "pending": false,
              "context": null,
              "code": "await driver.quit();",
              "err": {},
              "uuid": "cd8fc9e4-2531-4879-8cf9-7832cd134499",
              "parentUUID": "4a7632b8-2998-4ca9-9a6b-5a08c9318160",
              "isHook": true,
              "skipped": false
            }
          ],
          "tests": [
            {
              "title": "Kiểm tra placeholder của trường Email",
              "fullTitle": "Login Page Kiểm tra placeholder của trường Email",
              "timedOut": false,
              "duration": 241,
              "state": "passed",
              "speed": "slow",
              "pass": true,
              "fail": false,
              "pending": false,
              "context": null,
              "code": "await openLoginPage(driver);\nconst emailField = await getFieldEmail(driver);\nconst attrPlaceholder = await emailField.getAttribute(\"placeholder\");\nexpect(attrPlaceholder).to.equal(\"Email của bạn *\");",
              "err": {},
              "uuid": "5f191554-bb26-4d6f-aea0-bb31b147fbff",
              "parentUUID": "4a7632b8-2998-4ca9-9a6b-5a08c9318160",
              "isHook": false,
              "skipped": false
            },
            {
              "title": "Kiểm tra đăng nhập với email không hợp lệ (sai định dạng)",
              "fullTitle": "Login Page Kiểm tra đăng nhập với email không hợp lệ (sai định dạng)",
              "timedOut": false,
              "duration": 2300,
              "state": "passed",
              "speed": "slow",
              "pass": true,
              "fail": false,
              "pending": false,
              "context": null,
              "code": "await openLoginPage(driver);\nconst emailField = await getFieldEmail(driver);\nawait emailField.sendKeys(\"invalidate.com\");\nawait onClickLoginBtn(driver);\n// Wait for a brief moment to ensure any navigation attempts would have been triggered\nawait driver.sleep(2000);\nconst newUrl = await driver.getCurrentUrl();\nconst urlBase = `${config.baseURL}/user/account`;\nexpect(urlBase).to.equal(newUrl);",
              "err": {},
              "uuid": "b437bbec-67a4-4766-87bf-1884bc1cefdf",
              "parentUUID": "4a7632b8-2998-4ca9-9a6b-5a08c9318160",
              "isHook": false,
              "skipped": false
            },
            {
              "title": "Kiểm tra đăng nhập với Email chứa kí tự đặc biệt trong phần tên người dùng (trước dấu '@')",
              "fullTitle": "Login Page Kiểm tra đăng nhập với Email chứa kí tự đặc biệt trong phần tên người dùng (trước dấu '@')",
              "timedOut": false,
              "duration": 2150,
              "state": "passed",
              "speed": "slow",
              "pass": true,
              "fail": false,
              "pending": false,
              "context": null,
              "code": "await openLoginPage(driver);\nconst emailField = await getFieldEmail(driver);\nawait emailField.sendKeys(\"'?''@.com\");\nawait onClickLoginBtn(driver);\n// Wait for a brief moment to ensure any navigation attempts would have been triggered\nawait driver.sleep(2000);\nconst newUrl = await driver.getCurrentUrl();\nconst urlBase = `${config.baseURL}/user/account`;\nexpect(urlBase).to.equal(newUrl);",
              "err": {},
              "uuid": "be5f8aea-918e-44b8-b246-1b24feca8302",
              "parentUUID": "4a7632b8-2998-4ca9-9a6b-5a08c9318160",
              "isHook": false,
              "skipped": false
            },
            {
              "title": "Kiểm tra đăng nhập với Email chứa kí tự đặc biệt trong phần tên người dùng (sau dấu '@')",
              "fullTitle": "Login Page Kiểm tra đăng nhập với Email chứa kí tự đặc biệt trong phần tên người dùng (sau dấu '@')",
              "timedOut": false,
              "duration": 2148,
              "state": "passed",
              "speed": "slow",
              "pass": true,
              "fail": false,
              "pending": false,
              "context": null,
              "code": "await openLoginPage(driver);\nconst emailField = await getFieldEmail(driver);\nawait emailField.sendKeys(\"hanhb@'?''.com\");\nawait onClickLoginBtn(driver);\n// Wait for a brief moment to ensure any navigation attempts would have been triggered\nawait driver.sleep(2000);\nconst newUrl = await driver.getCurrentUrl();\nconst urlBase = `${config.baseURL}/user/account`;\nexpect(urlBase).to.equal(newUrl);",
              "err": {},
              "uuid": "6bb9053e-456d-4928-a176-99c1fef974ae",
              "parentUUID": "4a7632b8-2998-4ca9-9a6b-5a08c9318160",
              "isHook": false,
              "skipped": false
            },
            {
              "title": "Kiểm tra Email là trường bắt buộc",
              "fullTitle": "Login Page Kiểm tra Email là trường bắt buộc",
              "timedOut": false,
              "duration": 2232,
              "state": "passed",
              "speed": "slow",
              "pass": true,
              "fail": false,
              "pending": false,
              "context": null,
              "code": "await openLoginPage(driver);\nawait onClickLoginBtn(driver);\nawait driver.sleep(2000);\nconst errorMsg = await getMessageEmailError(driver);\nexpect(errorMsg).to.equal(\"Vui lòng nhập email đăng nhập\");",
              "err": {},
              "uuid": "fb9a8746-ebb1-49ff-9388-b18d8d0714a3",
              "parentUUID": "4a7632b8-2998-4ca9-9a6b-5a08c9318160",
              "isHook": false,
              "skipped": false
            },
            {
              "title": "Kiểm tra Mật khẩu là trường bắt buộc",
              "fullTitle": "Login Page Kiểm tra Mật khẩu là trường bắt buộc",
              "timedOut": false,
              "duration": 4390,
              "state": "passed",
              "speed": "slow",
              "pass": true,
              "fail": false,
              "pending": false,
              "context": null,
              "code": "await openLoginPage(driver);\nlet isError = false;\n// Kiểm tra trường bấm mà chưa nhập khoảng trắng\nawait onClickLoginBtn(driver);\nawait driver.sleep(2000);\nconst errorMsg = await getMessagePasswordError(driver);\nconst isError1 = errorMsg === \"Vui lòng nhập mật khẩu đăng nhập\";\n// Kiểm tra trường hợp bấm đa nhập khoảng trắng\nconst fieldPassword = await getFieldPassword(driver);\nfieldPassword.sendKeys(\"      \");\nawait onClickLoginBtn(driver);\nawait driver.sleep(2000);\nconst errorMsg1 = await getMessagePasswordError(driver);\nconst isError2 = errorMsg1 === \"Vui lòng nhập mật khẩu đăng nhập\";\n// Thoả mãn 2 điều kiện đã đề ra\nisError = isError1 && isError2;\nexpect(isError).to.equal(true);",
              "err": {},
              "uuid": "055c1261-1e26-4aa1-9ae5-e9c4116c2a28",
              "parentUUID": "4a7632b8-2998-4ca9-9a6b-5a08c9318160",
              "isHook": false,
              "skipped": false
            },
            {
              "title": "Check text of login button",
              "fullTitle": "Login Page Check text of login button",
              "timedOut": false,
              "duration": 724,
              "state": "passed",
              "speed": "slow",
              "pass": true,
              "fail": false,
              "pending": false,
              "context": null,
              "code": "await openLoginPage(driver);\nconst textOfLoginBtn = await getTextOfLoginBtn(driver);\nexpect(textOfLoginBtn).to.equal(\"ĐĂNG NHẬP\");",
              "err": {},
              "uuid": "792aca9b-3332-4749-9108-a2f7b96c61d1",
              "parentUUID": "4a7632b8-2998-4ca9-9a6b-5a08c9318160",
              "isHook": false,
              "skipped": false
            },
            {
              "title": "Check text of forgot password",
              "fullTitle": "Login Page Check text of forgot password",
              "timedOut": false,
              "duration": 742,
              "state": "passed",
              "speed": "slow",
              "pass": true,
              "fail": false,
              "pending": false,
              "context": null,
              "code": "await openLoginPage(driver);\nconst textOfForgotPasswordBtn = await getTextOfForgotPasswordBtn(driver);\nexpect(textOfForgotPasswordBtn).to.equal(\"Quên mật khẩu\");",
              "err": {},
              "uuid": "7bf27bad-3ae3-49b9-a96b-f8da46a5e841",
              "parentUUID": "4a7632b8-2998-4ca9-9a6b-5a08c9318160",
              "isHook": false,
              "skipped": false
            },
            {
              "title": "Kiểm tra điều hướng khi nhấn vào nút quên mật khẩu",
              "fullTitle": "Login Page Kiểm tra điều hướng khi nhấn vào nút quên mật khẩu",
              "timedOut": false,
              "duration": 2834,
              "state": "passed",
              "speed": "slow",
              "pass": true,
              "fail": false,
              "pending": false,
              "context": null,
              "code": "await openLoginPage(driver);\nconst elmForgotPassword = await getElmForgotPassword(driver);\nawait elmForgotPassword.click();\nawait driver.sleep(2000);\nconst currentUrl = await driver.getCurrentUrl();\nexpect(new URL(currentUrl).pathname).to.equal(\"/forgot/password\");",
              "err": {},
              "uuid": "ce31bde1-ce2e-4dee-92a4-0cefbbca4664",
              "parentUUID": "4a7632b8-2998-4ca9-9a6b-5a08c9318160",
              "isHook": false,
              "skipped": false
            },
            {
              "title": "Kiểm tra đăng nhập với tài khoản không tồn tại trong CSDL",
              "fullTitle": "Login Page Kiểm tra đăng nhập với tài khoản không tồn tại trong CSDL",
              "timedOut": false,
              "duration": 2307,
              "state": "passed",
              "speed": "slow",
              "pass": true,
              "fail": false,
              "pending": false,
              "context": null,
              "code": "await openLoginPage(driver);\n// get email field\nconst emailField = await getFieldEmail(driver);\nawait emailField.sendKeys(\"nbhanh@gmail.com\");\n// get password field\nconst fieldPassword = await getFieldPassword(driver);\nfieldPassword.sendKeys(\"12345678\");\nawait onClickLoginBtn(driver);\nawait driver.sleep(2000);\nconst messageLoginFail = await getMessageLoginFail(driver);\nexpect(messageLoginFail).to.equal(\"Thông tin tài khoản không tồn tại\");",
              "err": {},
              "uuid": "1d217e5a-6a4f-42a9-8bad-3f384427d2ba",
              "parentUUID": "4a7632b8-2998-4ca9-9a6b-5a08c9318160",
              "isHook": false,
              "skipped": false
            },
            {
              "title": "Kiểm tra đăng nhập với Mật khẩu không chính xác",
              "fullTitle": "Login Page Kiểm tra đăng nhập với Mật khẩu không chính xác",
              "timedOut": false,
              "duration": 2489,
              "state": "passed",
              "speed": "slow",
              "pass": true,
              "fail": false,
              "pending": false,
              "context": null,
              "code": "await openLoginPage(driver);\n// get email field\nconst emailField = await getFieldEmail(driver);\nawait emailField.sendKeys(\"ndminhvnua@gmail.com\");\n// get password field\nconst fieldPassword = await getFieldPassword(driver);\nfieldPassword.sendKeys(\"12345678\");\nawait onClickLoginBtn(driver);\nawait driver.sleep(2000);\nconst newUrl = await driver.getCurrentUrl();\nconst urlBase = `${config.baseURL}/user/account`;\nexpect(urlBase).to.equal(newUrl);",
              "err": {},
              "uuid": "0be1bb29-c104-4461-9a51-a4a07a1ba072",
              "parentUUID": "4a7632b8-2998-4ca9-9a6b-5a08c9318160",
              "isHook": false,
              "skipped": false
            },
            {
              "title": "Kiểm tra đăng nhập với tài khoản đã tồn tại trong CSDL",
              "fullTitle": "Login Page Kiểm tra đăng nhập với tài khoản đã tồn tại trong CSDL",
              "timedOut": false,
              "duration": 2465,
              "state": "passed",
              "speed": "slow",
              "pass": true,
              "fail": false,
              "pending": false,
              "context": null,
              "code": "await openLoginPage(driver);\n// get email field\nconst emailField = await getFieldEmail(driver);\nawait emailField.sendKeys(\"ndminhvnua@gmail.com\");\n// get password field\nconst fieldPassword = await getFieldPassword(driver);\nfieldPassword.sendKeys(\"123456789\");\nawait onClickLoginBtn(driver);\nawait driver.sleep(2000);\nconst newUrl = await driver.getCurrentUrl();\nconst loginUrl = `${config.baseURL}/`;\nexpect(loginUrl).to.equal(newUrl);",
              "err": {},
              "uuid": "73767fae-62c3-4834-bb7e-1e0d3e181abb",
              "parentUUID": "4a7632b8-2998-4ca9-9a6b-5a08c9318160",
              "isHook": false,
              "skipped": false
            }
          ],
          "suites": [],
          "passes": [
            "5f191554-bb26-4d6f-aea0-bb31b147fbff",
            "b437bbec-67a4-4766-87bf-1884bc1cefdf",
            "be5f8aea-918e-44b8-b246-1b24feca8302",
            "6bb9053e-456d-4928-a176-99c1fef974ae",
            "fb9a8746-ebb1-49ff-9388-b18d8d0714a3",
            "055c1261-1e26-4aa1-9ae5-e9c4116c2a28",
            "792aca9b-3332-4749-9108-a2f7b96c61d1",
            "7bf27bad-3ae3-49b9-a96b-f8da46a5e841",
            "ce31bde1-ce2e-4dee-92a4-0cefbbca4664",
            "1d217e5a-6a4f-42a9-8bad-3f384427d2ba",
            "0be1bb29-c104-4461-9a51-a4a07a1ba072",
            "73767fae-62c3-4834-bb7e-1e0d3e181abb"
          ],
          "failures": [],
          "pending": [],
          "skipped": [],
          "duration": 25022,
          "root": false,
          "rootEmpty": false,
          "_timeout": 10000
        }
      ],
      "passes": [],
      "failures": [],
      "pending": [],
      "skipped": [],
      "duration": 0,
      "root": true,
      "rootEmpty": true,
      "_timeout": 10000
    }
  ],
  "meta": {
    "mocha": {
      "version": "9.2.2"
    },
    "mochawesome": {
      "options": {
        "quiet": false,
        "reportFilename": "mochawesome",
        "saveHtml": true,
        "saveJson": true,
        "consoleReporter": "spec",
        "useInlineDiffs": false,
        "code": true
      },
      "version": "7.1.3"
    },
    "marge": {
      "options": null,
      "version": "6.2.0"
    }
  }
}