{
  "stats": {
    "suites": 2,
    "tests": 20,
    "passes": 19,
    "pending": 0,
    "failures": 1,
    "start": "2024-05-20T16:35:28.713Z",
    "end": "2024-05-20T16:36:11.127Z",
    "duration": 42414,
    "testsRegistered": 20,
    "passPercent": 95,
    "pendingPercent": 0,
    "other": 0,
    "hasOther": false,
    "skipped": 0,
    "hasSkipped": false
  },
  "results": [
    {
      "uuid": "b9e9a705-9f47-4a23-bb76-f00196cf949a",
      "title": "",
      "fullFile": "",
      "file": "",
      "beforeHooks": [],
      "afterHooks": [],
      "tests": [],
      "suites": [
        {
          "uuid": "0f34c41d-342d-4180-846c-e105882b3cc8",
          "title": "Forgot Page",
          "fullFile": "/Users/minhnd3/Desktop/Code/Selenium/first-prj/src/tests/forgotPage.spec.js",
          "file": "/src/tests/forgotPage.spec.js",
          "beforeHooks": [
            {
              "title": "\"before all\" hook in \"Forgot Page\"",
              "fullTitle": "Forgot Page \"before all\" hook in \"Forgot Page\"",
              "timedOut": false,
              "duration": 974,
              "state": null,
              "speed": null,
              "pass": false,
              "fail": false,
              "pending": false,
              "context": null,
              "code": "driver = await new Builder().forBrowser(\"chrome\").build();",
              "err": {},
              "uuid": "0b892628-8b5a-4c46-b3e3-d3ceb7fc851a",
              "parentUUID": "0f34c41d-342d-4180-846c-e105882b3cc8",
              "isHook": true,
              "skipped": false
            }
          ],
          "afterHooks": [
            {
              "title": "\"after all\" hook in \"Forgot Page\"",
              "fullTitle": "Forgot Page \"after all\" hook in \"Forgot Page\"",
              "timedOut": false,
              "duration": 51,
              "state": null,
              "speed": null,
              "pass": false,
              "fail": false,
              "pending": false,
              "context": null,
              "code": "await driver.quit();",
              "err": {},
              "uuid": "462777c4-ebe6-4667-bb1a-f574a1e85fb4",
              "parentUUID": "0f34c41d-342d-4180-846c-e105882b3cc8",
              "isHook": true,
              "skipped": false
            }
          ],
          "tests": [
            {
              "title": "Kiểm tra placeholder của trường Email",
              "fullTitle": "Forgot Page Kiểm tra placeholder của trường Email",
              "timedOut": false,
              "duration": 312,
              "state": "passed",
              "speed": "slow",
              "pass": true,
              "fail": false,
              "pending": false,
              "context": null,
              "code": "await openForgotPage(driver);\nconst emailField = await getFieldEmail(driver);\nconst attrPlaceholder = await emailField.getAttribute(\"placeholder\");\nexpect(attrPlaceholder).to.equal(\"Email của bạn *\");",
              "err": {},
              "uuid": "10db02db-555f-43b3-907d-ae54fac7d132",
              "parentUUID": "0f34c41d-342d-4180-846c-e105882b3cc8",
              "isHook": false,
              "skipped": false
            },
            {
              "title": "Kiểm tra Email là trường bắt buộc",
              "fullTitle": "Forgot Page Kiểm tra Email là trường bắt buộc",
              "timedOut": false,
              "duration": 2337,
              "state": "passed",
              "speed": "slow",
              "pass": true,
              "fail": false,
              "pending": false,
              "context": null,
              "code": "await openForgotPage(driver);\nconst sendPasswordBtn = await getSendPasswordBtn(driver);\nawait sendPasswordBtn.click();\nawait driver.sleep(2000);\nconst messageErrorEmailField = await getMessageErrorEmailField(driver);\nexpect(messageErrorEmailField).to.equal(\"Vui lòng nhập vào email\");",
              "err": {},
              "uuid": "2c8ae6a5-919e-41dc-9bbe-a8b5791ddc8c",
              "parentUUID": "0f34c41d-342d-4180-846c-e105882b3cc8",
              "isHook": false,
              "skipped": false
            },
            {
              "title": "Kiểm tra với Email không có trong CSDL",
              "fullTitle": "Forgot Page Kiểm tra với Email không có trong CSDL",
              "timedOut": false,
              "duration": 2323,
              "state": "passed",
              "speed": "slow",
              "pass": true,
              "fail": false,
              "pending": false,
              "context": null,
              "code": "await openForgotPage(driver);\nconst fieldEmail = await getFieldEmail(driver);\nfieldEmail.sendKeys(\"emailkhongtontai@gmail.com\");\nawait onClickSendPasswordBtn(driver);\nawait driver.sleep(2000);\nconst messageError = await getMessageErrorPopup(driver);\nexpect(messageError).to.equal(\"Thông tin tài khoản không tồn tại\");",
              "err": {},
              "uuid": "f020cb0b-8b2f-4a5d-992c-44ba477a9918",
              "parentUUID": "0f34c41d-342d-4180-846c-e105882b3cc8",
              "isHook": false,
              "skipped": false
            },
            {
              "title": "Kiểm tra đăng nhập với email không hợp lệ (sai định dạng)",
              "fullTitle": "Forgot Page Kiểm tra đăng nhập với email không hợp lệ (sai định dạng)",
              "timedOut": false,
              "duration": 2149,
              "state": "passed",
              "speed": "slow",
              "pass": true,
              "fail": false,
              "pending": false,
              "context": null,
              "code": "await openForgotPage(driver);\nconst emailField = await getFieldEmail(driver);\nawait emailField.sendKeys(\"invalidate.com\");\nawait onClickSendPasswordBtn(driver);\n// Wait for a brief moment to ensure any navigation attempts would have been triggered\nawait driver.sleep(2000);\nconst newUrl = await driver.getCurrentUrl();\nconst urlBase = `${config.baseURL}/forgot/password`;\nexpect(urlBase).to.equal(newUrl);",
              "err": {},
              "uuid": "4de297bf-d3e9-4666-89f1-8dac9ee24742",
              "parentUUID": "0f34c41d-342d-4180-846c-e105882b3cc8",
              "isHook": false,
              "skipped": false
            },
            {
              "title": "Kiểm tra đăng nhập với Email chứa kí tự đặc biệt trong phần tên người dùng (trước dấu '@')",
              "fullTitle": "Forgot Page Kiểm tra đăng nhập với Email chứa kí tự đặc biệt trong phần tên người dùng (trước dấu '@')",
              "timedOut": false,
              "duration": 2146,
              "state": "passed",
              "speed": "slow",
              "pass": true,
              "fail": false,
              "pending": false,
              "context": null,
              "code": "await openForgotPage(driver);\nconst emailField = await getFieldEmail(driver);\nawait emailField.sendKeys(\"'?''@.com\");\nawait onClickSendPasswordBtn(driver);\n// Wait for a brief moment to ensure any navigation attempts would have been triggered\nawait driver.sleep(2000);\nconst newUrl = await driver.getCurrentUrl();\nconst forgotUrl = `${config.baseURL}/forgot/password`;\nexpect(forgotUrl).to.equal(newUrl);",
              "err": {},
              "uuid": "f3ba9d17-4194-4149-8788-f5ffa600b99a",
              "parentUUID": "0f34c41d-342d-4180-846c-e105882b3cc8",
              "isHook": false,
              "skipped": false
            },
            {
              "title": "Kiểm tra đăng nhập với Email chứa kí tự đặc biệt trong phần tên người dùng (sau dấu '@')",
              "fullTitle": "Forgot Page Kiểm tra đăng nhập với Email chứa kí tự đặc biệt trong phần tên người dùng (sau dấu '@')",
              "timedOut": false,
              "duration": 2139,
              "state": "passed",
              "speed": "slow",
              "pass": true,
              "fail": false,
              "pending": false,
              "context": null,
              "code": "await openForgotPage(driver);\nconst emailField = await getFieldEmail(driver);\nawait emailField.sendKeys(\"hanhb@'?''.com\");\nawait onClickSendPasswordBtn(driver);\n// Wait for a brief moment to ensure any navigation attempts would have been triggered\nawait driver.sleep(2000);\nconst newUrl = await driver.getCurrentUrl();\nconst forgotUrl = `${config.baseURL}/forgot/password`;\nexpect(forgotUrl).to.equal(newUrl);",
              "err": {},
              "uuid": "5a5802b0-4705-4599-9d0f-da674ad2c694",
              "parentUUID": "0f34c41d-342d-4180-846c-e105882b3cc8",
              "isHook": false,
              "skipped": false
            },
            {
              "title": "Kiểm tra điều hướng khi nhấn vào nút Quay về trang đăng nhập",
              "fullTitle": "Forgot Page Kiểm tra điều hướng khi nhấn vào nút Quay về trang đăng nhập",
              "timedOut": false,
              "duration": 2847,
              "state": "passed",
              "speed": "slow",
              "pass": true,
              "fail": false,
              "pending": false,
              "context": null,
              "code": "await openForgotPage(driver);\nawait onClickBackToLoginBtn(driver);\nawait driver.sleep(2000);\nconst newUrl = await driver.getCurrentUrl();\nconst loginUrl = `${config.baseURL}/user/account`;\nexpect(loginUrl).to.equal(newUrl);",
              "err": {},
              "uuid": "2105ef67-4c20-4e4b-b153-70a196cf32f8",
              "parentUUID": "0f34c41d-342d-4180-846c-e105882b3cc8",
              "isHook": false,
              "skipped": false
            },
            {
              "title": "Kiểm tra điều hướng khi nhấn vào nút Quay về trang đăng nhập",
              "fullTitle": "Forgot Page Kiểm tra điều hướng khi nhấn vào nút Quay về trang đăng nhập",
              "timedOut": false,
              "duration": 718,
              "state": "failed",
              "speed": null,
              "pass": false,
              "fail": true,
              "pending": false,
              "context": null,
              "code": "await openForgotPage(driver);\nconst textBackToLoginBtn = await getTextBackToLoginBtn(driver);\nexpect(textBackToLoginBtn).to.equal(\"Quay về màn đăng nhập\");",
              "err": {
                "message": "AssertionError: expected 'Quay về đăng nhập' to equal 'Quay về màn đăng nhập'",
                "estack": "AssertionError: expected 'Quay về đăng nhập' to equal 'Quay về màn đăng nhập'\n    at Context.<anonymous> (src/tests/forgotPage.spec.js:117:35)\n    at processTicksAndRejections (node:internal/process/task_queues:96:5)",
                "diff": "- Quay về đăng nhập\n+ Quay về màn đăng nhập\n"
              },
              "uuid": "5d8417f6-f19d-4fea-a581-bf4b5b72e4de",
              "parentUUID": "0f34c41d-342d-4180-846c-e105882b3cc8",
              "isHook": false,
              "skipped": false
            }
          ],
          "suites": [],
          "passes": [
            "10db02db-555f-43b3-907d-ae54fac7d132",
            "2c8ae6a5-919e-41dc-9bbe-a8b5791ddc8c",
            "f020cb0b-8b2f-4a5d-992c-44ba477a9918",
            "4de297bf-d3e9-4666-89f1-8dac9ee24742",
            "f3ba9d17-4194-4149-8788-f5ffa600b99a",
            "5a5802b0-4705-4599-9d0f-da674ad2c694",
            "2105ef67-4c20-4e4b-b153-70a196cf32f8"
          ],
          "failures": [
            "5d8417f6-f19d-4fea-a581-bf4b5b72e4de"
          ],
          "pending": [],
          "skipped": [],
          "duration": 14971,
          "root": false,
          "rootEmpty": false,
          "_timeout": 10000
        },
        {
          "uuid": "b45e8637-6333-430d-bb00-33e6a54e03bb",
          "title": "Login Page",
          "fullFile": "/Users/minhnd3/Desktop/Code/Selenium/first-prj/src/tests/loginPage.spec.js",
          "file": "/src/tests/loginPage.spec.js",
          "beforeHooks": [
            {
              "title": "\"before all\" hook in \"Login Page\"",
              "fullTitle": "Login Page \"before all\" hook in \"Login Page\"",
              "timedOut": false,
              "duration": 917,
              "state": null,
              "speed": null,
              "pass": false,
              "fail": false,
              "pending": false,
              "context": null,
              "code": "driver = await new Builder().forBrowser(\"chrome\").build();",
              "err": {},
              "uuid": "73209aa9-f8a3-4f03-8d23-03073595ae8f",
              "parentUUID": "b45e8637-6333-430d-bb00-33e6a54e03bb",
              "isHook": true,
              "skipped": false
            }
          ],
          "afterHooks": [
            {
              "title": "\"after all\" hook in \"Login Page\"",
              "fullTitle": "Login Page \"after all\" hook in \"Login Page\"",
              "timedOut": false,
              "duration": 52,
              "state": null,
              "speed": null,
              "pass": false,
              "fail": false,
              "pending": false,
              "context": null,
              "code": "await driver.quit();",
              "err": {},
              "uuid": "cb500580-8497-4728-aa92-060affb8dd80",
              "parentUUID": "b45e8637-6333-430d-bb00-33e6a54e03bb",
              "isHook": true,
              "skipped": false
            }
          ],
          "tests": [
            {
              "title": "Kiểm tra placeholder của trường Email",
              "fullTitle": "Login Page Kiểm tra placeholder của trường Email",
              "timedOut": false,
              "duration": 580,
              "state": "passed",
              "speed": "slow",
              "pass": true,
              "fail": false,
              "pending": false,
              "context": null,
              "code": "await openLoginPage(driver);\nconst emailField = await getFieldEmail(driver);\nconst attrPlaceholder = await emailField.getAttribute(\"placeholder\");\nexpect(attrPlaceholder).to.equal(\"Email của bạn *\");",
              "err": {},
              "uuid": "93f8454a-484b-4342-82dd-2a6c337bc9f7",
              "parentUUID": "b45e8637-6333-430d-bb00-33e6a54e03bb",
              "isHook": false,
              "skipped": false
            },
            {
              "title": "Kiểm tra đăng nhập với email không hợp lệ (sai định dạng)",
              "fullTitle": "Login Page Kiểm tra đăng nhập với email không hợp lệ (sai định dạng)",
              "timedOut": false,
              "duration": 2425,
              "state": "passed",
              "speed": "slow",
              "pass": true,
              "fail": false,
              "pending": false,
              "context": null,
              "code": "await openLoginPage(driver);\nconst emailField = await getFieldEmail(driver);\nawait emailField.sendKeys(\"invalidate.com\");\nawait onClickLoginBtn(driver);\n// Wait for a brief moment to ensure any navigation attempts would have been triggered\nawait driver.sleep(2000);\nconst newUrl = await driver.getCurrentUrl();\nconst urlBase = `${config.baseURL}/user/account`;\nexpect(urlBase).to.equal(newUrl);",
              "err": {},
              "uuid": "3f801d2d-4b8f-4972-ab1a-b04002073509",
              "parentUUID": "b45e8637-6333-430d-bb00-33e6a54e03bb",
              "isHook": false,
              "skipped": false
            },
            {
              "title": "Kiểm tra đăng nhập với Email chứa kí tự đặc biệt trong phần tên người dùng (trước dấu '@')",
              "fullTitle": "Login Page Kiểm tra đăng nhập với Email chứa kí tự đặc biệt trong phần tên người dùng (trước dấu '@')",
              "timedOut": false,
              "duration": 2145,
              "state": "passed",
              "speed": "slow",
              "pass": true,
              "fail": false,
              "pending": false,
              "context": null,
              "code": "await openLoginPage(driver);\nconst emailField = await getFieldEmail(driver);\nawait emailField.sendKeys(\"'?''@.com\");\nawait onClickLoginBtn(driver);\n// Wait for a brief moment to ensure any navigation attempts would have been triggered\nawait driver.sleep(2000);\nconst newUrl = await driver.getCurrentUrl();\nconst urlBase = `${config.baseURL}/user/account`;\nexpect(urlBase).to.equal(newUrl);",
              "err": {},
              "uuid": "1e700735-95c5-43d9-829c-3ef0eeadb984",
              "parentUUID": "b45e8637-6333-430d-bb00-33e6a54e03bb",
              "isHook": false,
              "skipped": false
            },
            {
              "title": "Kiểm tra đăng nhập với Email chứa kí tự đặc biệt trong phần tên người dùng (sau dấu '@')",
              "fullTitle": "Login Page Kiểm tra đăng nhập với Email chứa kí tự đặc biệt trong phần tên người dùng (sau dấu '@')",
              "timedOut": false,
              "duration": 2143,
              "state": "passed",
              "speed": "slow",
              "pass": true,
              "fail": false,
              "pending": false,
              "context": null,
              "code": "await openLoginPage(driver);\nconst emailField = await getFieldEmail(driver);\nawait emailField.sendKeys(\"hanhb@'?''.com\");\nawait onClickLoginBtn(driver);\n// Wait for a brief moment to ensure any navigation attempts would have been triggered\nawait driver.sleep(2000);\nconst newUrl = await driver.getCurrentUrl();\nconst urlBase = `${config.baseURL}/user/account`;\nexpect(urlBase).to.equal(newUrl);",
              "err": {},
              "uuid": "4855d5ea-6a3f-459a-b642-e2f8500e2ad4",
              "parentUUID": "b45e8637-6333-430d-bb00-33e6a54e03bb",
              "isHook": false,
              "skipped": false
            },
            {
              "title": "Kiểm tra Email là trường bắt buộc",
              "fullTitle": "Login Page Kiểm tra Email là trường bắt buộc",
              "timedOut": false,
              "duration": 2221,
              "state": "passed",
              "speed": "slow",
              "pass": true,
              "fail": false,
              "pending": false,
              "context": null,
              "code": "await openLoginPage(driver);\nawait onClickLoginBtn(driver);\nawait driver.sleep(2000);\nconst errorMsg = await getMessageEmailError(driver);\nexpect(errorMsg).to.equal(\"Vui lòng nhập email đăng nhập\");",
              "err": {},
              "uuid": "7fc69780-5561-4756-ae6f-a93037596e4d",
              "parentUUID": "b45e8637-6333-430d-bb00-33e6a54e03bb",
              "isHook": false,
              "skipped": false
            },
            {
              "title": "Kiểm tra Mật khẩu là trường bắt buộc",
              "fullTitle": "Login Page Kiểm tra Mật khẩu là trường bắt buộc",
              "timedOut": false,
              "duration": 4454,
              "state": "passed",
              "speed": "slow",
              "pass": true,
              "fail": false,
              "pending": false,
              "context": null,
              "code": "await openLoginPage(driver);\nlet isError = false;\n// Kiểm tra trường bấm mà chưa nhập khoảng trắng\nawait onClickLoginBtn(driver);\nawait driver.sleep(2000);\nconst errorMsg = await getMessagePasswordError(driver);\nconst isError1 = errorMsg === \"Vui lòng nhập mật khẩu đăng nhập\";\n// Kiểm tra trường hợp bấm đa nhập khoảng trắng\nconst fieldPassword = await getFieldPassword(driver);\nfieldPassword.sendKeys(\"      \");\nawait onClickLoginBtn(driver);\nawait driver.sleep(2000);\nconst errorMsg1 = await getMessagePasswordError(driver);\nconst isError2 = errorMsg1 === \"Vui lòng nhập mật khẩu đăng nhập\";\n// Thoả mãn 2 điều kiện đã đề ra\nisError = isError1 && isError2;\nexpect(isError).to.equal(true);",
              "err": {},
              "uuid": "393e7cbf-1568-4375-95e7-6cd265ee209c",
              "parentUUID": "b45e8637-6333-430d-bb00-33e6a54e03bb",
              "isHook": false,
              "skipped": false
            },
            {
              "title": "Check text of login button",
              "fullTitle": "Login Page Check text of login button",
              "timedOut": false,
              "duration": 728,
              "state": "passed",
              "speed": "slow",
              "pass": true,
              "fail": false,
              "pending": false,
              "context": null,
              "code": "await openLoginPage(driver);\nconst textOfLoginBtn = await getTextOfLoginBtn(driver);\nexpect(textOfLoginBtn).to.equal(\"ĐĂNG NHẬP\");",
              "err": {},
              "uuid": "7f9a7107-45f6-4f4c-a478-54a5e326131f",
              "parentUUID": "b45e8637-6333-430d-bb00-33e6a54e03bb",
              "isHook": false,
              "skipped": false
            },
            {
              "title": "Check text of forgot password",
              "fullTitle": "Login Page Check text of forgot password",
              "timedOut": false,
              "duration": 733,
              "state": "passed",
              "speed": "slow",
              "pass": true,
              "fail": false,
              "pending": false,
              "context": null,
              "code": "await openLoginPage(driver);\nconst textOfForgotPasswordBtn = await getTextOfForgotPasswordBtn(driver);\nexpect(textOfForgotPasswordBtn).to.equal(\"Quên mật khẩu\");",
              "err": {},
              "uuid": "da986e9e-1f78-46c2-a72e-959c02b55fba",
              "parentUUID": "b45e8637-6333-430d-bb00-33e6a54e03bb",
              "isHook": false,
              "skipped": false
            },
            {
              "title": "Kiểm tra điều hướng khi nhấn vào nút quên mật khẩu",
              "fullTitle": "Login Page Kiểm tra điều hướng khi nhấn vào nút quên mật khẩu",
              "timedOut": false,
              "duration": 2838,
              "state": "passed",
              "speed": "slow",
              "pass": true,
              "fail": false,
              "pending": false,
              "context": null,
              "code": "await openLoginPage(driver);\nconst elmForgotPassword = await getElmForgotPassword(driver);\nawait elmForgotPassword.click();\nawait driver.sleep(2000);\nconst currentUrl = await driver.getCurrentUrl();\nexpect(new URL(currentUrl).pathname).to.equal(\"/forgot/password\");",
              "err": {},
              "uuid": "3967cbec-3fd0-45be-ae04-68c0549c4dd0",
              "parentUUID": "b45e8637-6333-430d-bb00-33e6a54e03bb",
              "isHook": false,
              "skipped": false
            },
            {
              "title": "Kiểm tra đăng nhập với tài khoản không tồn tại trong CSDL",
              "fullTitle": "Login Page Kiểm tra đăng nhập với tài khoản không tồn tại trong CSDL",
              "timedOut": false,
              "duration": 2299,
              "state": "passed",
              "speed": "slow",
              "pass": true,
              "fail": false,
              "pending": false,
              "context": null,
              "code": "await openLoginPage(driver);\n// get email field\nconst emailField = await getFieldEmail(driver);\nawait emailField.sendKeys(\"nbhanh@gmail.com\");\n// get password field\nconst fieldPassword = await getFieldPassword(driver);\nfieldPassword.sendKeys(\"12345678\");\nawait onClickLoginBtn(driver);\nawait driver.sleep(2000);\nconst messageLoginFail = await getMessageLoginFail(driver);\nexpect(messageLoginFail).to.equal(\"Thông tin tài khoản không tồn tại\");",
              "err": {},
              "uuid": "120f288f-fdef-4fcb-bec1-eceebb939829",
              "parentUUID": "b45e8637-6333-430d-bb00-33e6a54e03bb",
              "isHook": false,
              "skipped": false
            },
            {
              "title": "Kiểm tra đăng nhập với Mật khẩu không chính xác",
              "fullTitle": "Login Page Kiểm tra đăng nhập với Mật khẩu không chính xác",
              "timedOut": false,
              "duration": 2481,
              "state": "passed",
              "speed": "slow",
              "pass": true,
              "fail": false,
              "pending": false,
              "context": null,
              "code": "await openLoginPage(driver);\n// get email field\nconst emailField = await getFieldEmail(driver);\nawait emailField.sendKeys(\"ndminhvnua@gmail.com\");\n// get password field\nconst fieldPassword = await getFieldPassword(driver);\nfieldPassword.sendKeys(\"12345678\");\nawait onClickLoginBtn(driver);\nawait driver.sleep(2000);\nconst newUrl = await driver.getCurrentUrl();\nconst urlBase = `${config.baseURL}/user/account`;\nexpect(urlBase).to.equal(newUrl);",
              "err": {},
              "uuid": "19c881d4-d96b-4a70-a4aa-7ff4caacdd2d",
              "parentUUID": "b45e8637-6333-430d-bb00-33e6a54e03bb",
              "isHook": false,
              "skipped": false
            },
            {
              "title": "Kiểm tra đăng nhập với tài khoản đã tồn tại trong CSDL",
              "fullTitle": "Login Page Kiểm tra đăng nhập với tài khoản đã tồn tại trong CSDL",
              "timedOut": false,
              "duration": 2389,
              "state": "passed",
              "speed": "slow",
              "pass": true,
              "fail": false,
              "pending": false,
              "context": null,
              "code": "await openLoginPage(driver);\n// get email field\nconst emailField = await getFieldEmail(driver);\nawait emailField.sendKeys(\"ndminhvnua@gmail.com\");\n// get password field\nconst fieldPassword = await getFieldPassword(driver);\nfieldPassword.sendKeys(\"123456789\");\nawait onClickLoginBtn(driver);\nawait driver.sleep(2000);\nconst newUrl = await driver.getCurrentUrl();\nconst loginUrl = `${config.baseURL}/`;\nexpect(loginUrl).to.equal(newUrl);",
              "err": {},
              "uuid": "3482f565-8aa5-4e2c-a728-a8cd114671da",
              "parentUUID": "b45e8637-6333-430d-bb00-33e6a54e03bb",
              "isHook": false,
              "skipped": false
            }
          ],
          "suites": [],
          "passes": [
            "93f8454a-484b-4342-82dd-2a6c337bc9f7",
            "3f801d2d-4b8f-4972-ab1a-b04002073509",
            "1e700735-95c5-43d9-829c-3ef0eeadb984",
            "4855d5ea-6a3f-459a-b642-e2f8500e2ad4",
            "7fc69780-5561-4756-ae6f-a93037596e4d",
            "393e7cbf-1568-4375-95e7-6cd265ee209c",
            "7f9a7107-45f6-4f4c-a478-54a5e326131f",
            "da986e9e-1f78-46c2-a72e-959c02b55fba",
            "3967cbec-3fd0-45be-ae04-68c0549c4dd0",
            "120f288f-fdef-4fcb-bec1-eceebb939829",
            "19c881d4-d96b-4a70-a4aa-7ff4caacdd2d",
            "3482f565-8aa5-4e2c-a728-a8cd114671da"
          ],
          "failures": [],
          "pending": [],
          "skipped": [],
          "duration": 25436,
          "root": false,
          "rootEmpty": false,
          "_timeout": 10000
        }
      ],
      "passes": [],
      "failures": [],
      "pending": [],
      "skipped": [],
      "duration": 0,
      "root": true,
      "rootEmpty": true,
      "_timeout": 10000
    }
  ],
  "meta": {
    "mocha": {
      "version": "9.2.2"
    },
    "mochawesome": {
      "options": {
        "quiet": false,
        "reportFilename": "mochawesome",
        "saveHtml": true,
        "saveJson": true,
        "consoleReporter": "spec",
        "useInlineDiffs": false,
        "code": true
      },
      "version": "7.1.3"
    },
    "marge": {
      "options": null,
      "version": "6.2.0"
    }
  }
}